<?xml version="1.0" encoding="UTF-8"?>
<!-- Generated by org.testng.reporters.JUnitReportReporter -->
<testsuite hostname="DESKTOP-OJ7BRVM" failures="0" tests="4" name="testcases.MyFirstTestLogin" time="20.849" errors="0" timestamp="2023-06-29T03:20:11 IST" skipped="0">
  <testcase classname="testcases.MyFirstTestLogin" name="loginTest" time="3.598"/>
  <testcase classname="testcases.MyFirstTestLogin" name="loginTest" time="3.163"/>
  <testcase classname="testcases.MyFirstTestLogin" name="loginTest" time="5.621"/>
  <testcase classname="testcases.MyFirstTestLogin" name="loginTest" time="8.467"/>
</testsuite> <!-- testcases.MyFirstTestLogin -->
